<?xml version="1.0" encoding="UTF-8"?>
<!-- Generated by org.testng.reporters.JUnitReportReporter -->
<testsuite skipped="0" hostname="sheetal-Vostro-3580" name="com.bridgelabz.hubspot.test.LoginTest" tests="2" failures="0" timestamp="2020-01-14T10:43:19 IST" time="38.245" errors="0">
  <testcase name="loginTest" time="23.208" classname="com.bridgelabz.hubspot.test.LoginTest"/>
  <testcase name="signUpTest" time="15.037" classname="com.bridgelabz.hubspot.test.LoginTest"/>
</testsuite> <!-- com.bridgelabz.hubspot.test.LoginTest -->
